<?xml version="1.0" encoding="UTF-8"?>
<testsuite xmlns:xsi="http://www.w3.org/2001/XMLSchema-instance" xsi:noNamespaceSchemaLocation="https://maven.apache.org/surefire/maven-surefire-plugin/xsd/surefire-test-report-3.0.xsd" version="3.0" name="BankSystemTest" time="0.032" tests="4" errors="0" skipped="0" failures="0">
  <properties>
    <property name="gopherProxySet" value="false"/>
    <property name="awt.toolkit" value="sun.lwawt.macosx.LWCToolkit"/>
    <property name="java.specification.version" value="11"/>
    <property name="sun.cpu.isalist" value=""/>
    <property name="sun.jnu.encoding" value="UTF-8"/>
    <property name="java.class.path" value="/Users/mkrupin/Documents/git/krupinmi-hw6/BankingSystem/target/test-classes:/Users/mkrupin/Documents/git/krupinmi-hw6/BankingSystem/target/classes:/Users/mkrupin/.m2/repository/org/junit/jupiter/junit-jupiter-api/5.5.0-M1/junit-jupiter-api-5.5.0-M1.jar:/Users/mkrupin/.m2/repository/org/apiguardian/apiguardian-api/1.0.0/apiguardian-api-1.0.0.jar:/Users/mkrupin/.m2/repository/org/opentest4j/opentest4j/1.1.1/opentest4j-1.1.1.jar:/Users/mkrupin/.m2/repository/org/junit/jupiter/junit-jupiter-engine/5.5.0-M1/junit-jupiter-engine-5.5.0-M1.jar:/Users/mkrupin/.m2/repository/org/junit/platform/junit-platform-engine/1.5.0-M1/junit-platform-engine-1.5.0-M1.jar:/Users/mkrupin/.m2/repository/org/junit/vintage/junit-vintage-engine/5.5.0-M1/junit-vintage-engine-5.5.0-M1.jar:/Users/mkrupin/.m2/repository/junit/junit/4.12/junit-4.12.jar:/Users/mkrupin/.m2/repository/org/hamcrest/hamcrest-core/1.3/hamcrest-core-1.3.jar:/Users/mkrupin/.m2/repository/org/junit/platform/junit-platform-launcher/1.5.0-M1/junit-platform-launcher-1.5.0-M1.jar:/Users/mkrupin/.m2/repository/org/junit/platform/junit-platform-commons/1.5.0-M1/junit-platform-commons-1.5.0-M1.jar:"/>
    <property name="java.vm.vendor" value="Oracle Corporation"/>
    <property name="sun.arch.data.model" value="64"/>
    <property name="java.vendor.url" value="http://java.oracle.com/"/>
    <property name="user.timezone" value=""/>
    <property name="java.vm.specification.version" value="11"/>
    <property name="os.name" value="Mac OS X"/>
    <property name="sun.java.launcher" value="SUN_STANDARD"/>
    <property name="user.country" value="RU"/>
    <property name="sun.boot.library.path" value="/Library/Java/JavaVirtualMachines/jdk-11.0.2.jdk/Contents/Home/lib"/>
    <property name="sun.java.command" value="/Users/mkrupin/Documents/git/krupinmi-hw6/BankingSystem/target/surefire/surefirebooter15333115786650906001.jar /Users/mkrupin/Documents/git/krupinmi-hw6/BankingSystem/target/surefire 2019-05-27T16-45-44_653-jvmRun1 surefire10200268888893060019tmp surefire_03102914065488670656tmp"/>
    <property name="jdk.debug" value="release"/>
    <property name="surefire.test.class.path" value="/Users/mkrupin/Documents/git/krupinmi-hw6/BankingSystem/target/test-classes:/Users/mkrupin/Documents/git/krupinmi-hw6/BankingSystem/target/classes:/Users/mkrupin/.m2/repository/org/junit/jupiter/junit-jupiter-api/5.5.0-M1/junit-jupiter-api-5.5.0-M1.jar:/Users/mkrupin/.m2/repository/org/apiguardian/apiguardian-api/1.0.0/apiguardian-api-1.0.0.jar:/Users/mkrupin/.m2/repository/org/opentest4j/opentest4j/1.1.1/opentest4j-1.1.1.jar:/Users/mkrupin/.m2/repository/org/junit/jupiter/junit-jupiter-engine/5.5.0-M1/junit-jupiter-engine-5.5.0-M1.jar:/Users/mkrupin/.m2/repository/org/junit/platform/junit-platform-engine/1.5.0-M1/junit-platform-engine-1.5.0-M1.jar:/Users/mkrupin/.m2/repository/org/junit/vintage/junit-vintage-engine/5.5.0-M1/junit-vintage-engine-5.5.0-M1.jar:/Users/mkrupin/.m2/repository/junit/junit/4.12/junit-4.12.jar:/Users/mkrupin/.m2/repository/org/hamcrest/hamcrest-core/1.3/hamcrest-core-1.3.jar:/Users/mkrupin/.m2/repository/org/junit/platform/junit-platform-launcher/1.5.0-M1/junit-platform-launcher-1.5.0-M1.jar:/Users/mkrupin/.m2/repository/org/junit/platform/junit-platform-commons/1.5.0-M1/junit-platform-commons-1.5.0-M1.jar:"/>
    <property name="sun.cpu.endian" value="little"/>
    <property name="user.home" value="/Users/mkrupin"/>
    <property name="user.language" value="ru"/>
    <property name="java.specification.vendor" value="Oracle Corporation"/>
    <property name="java.version.date" value="2019-01-15"/>
    <property name="java.home" value="/Library/Java/JavaVirtualMachines/jdk-11.0.2.jdk/Contents/Home"/>
    <property name="file.separator" value="/"/>
    <property name="basedir" value="/Users/mkrupin/Documents/git/krupinmi-hw6/BankingSystem"/>
    <property name="java.vm.compressedOopsMode" value="Zero based"/>
    <property name="line.separator" value="&#10;"/>
    <property name="java.specification.name" value="Java Platform API Specification"/>
    <property name="java.vm.specification.vendor" value="Oracle Corporation"/>
    <property name="java.awt.graphicsenv" value="sun.awt.CGraphicsEnvironment"/>
    <property name="surefire.real.class.path" value="/Users/mkrupin/Documents/git/krupinmi-hw6/BankingSystem/target/surefire/surefirebooter15333115786650906001.jar"/>
    <property name="sun.management.compiler" value="HotSpot 64-Bit Tiered Compilers"/>
    <property name="java.runtime.version" value="11.0.2+9-LTS"/>
    <property name="user.name" value="mkrupin"/>
    <property name="path.separator" value=":"/>
    <property name="os.version" value="10.14.3"/>
    <property name="java.runtime.name" value="Java(TM) SE Runtime Environment"/>
    <property name="file.encoding" value="UTF-8"/>
    <property name="java.vm.name" value="Java HotSpot(TM) 64-Bit Server VM"/>
    <property name="java.vendor.version" value="18.9"/>
    <property name="localRepository" value="/Users/mkrupin/.m2/repository"/>
    <property name="java.vendor.url.bug" value="http://bugreport.java.com/bugreport/"/>
    <property name="java.io.tmpdir" value="/var/folders/zh/996288z13w30qlpmy6jxv_480000gp/T/"/>
    <property name="java.version" value="11.0.2"/>
    <property name="user.dir" value="/Users/mkrupin/Documents/git/krupinmi-hw6/BankingSystem"/>
    <property name="os.arch" value="x86_64"/>
    <property name="java.vm.specification.name" value="Java Virtual Machine Specification"/>
    <property name="java.awt.printerjob" value="sun.lwawt.macosx.CPrinterJob"/>
    <property name="sun.os.patch.level" value="unknown"/>
    <property name="java.library.path" value="/Users/mkrupin/Library/Java/Extensions:/Library/Java/Extensions:/Network/Library/Java/Extensions:/System/Library/Java/Extensions:/usr/lib/java:."/>
    <property name="java.vendor" value="Oracle Corporation"/>
    <property name="java.vm.info" value="mixed mode"/>
    <property name="java.vm.version" value="11.0.2+9-LTS"/>
    <property name="sun.io.unicode.encoding" value="UnicodeBig"/>
    <property name="java.class.version" value="55.0"/>
  </properties>
  <testcase name="testUnrealTransactionsUsers" classname="BankSystemTest" time="0.011"/>
  <testcase name="testUnrealTransactionsAccounts" classname="BankSystemTest" time="0.002"/>
  <testcase name="testTransactionBetweenUsers" classname="BankSystemTest" time="0.002"/>
  <testcase name="testTransactionBetweenAccounts" classname="BankSystemTest" time="0.003"/>
</testsuite>